<?xml version="1.0" encoding="UTF-8"?>
<!-- Generated by org.testng.reporters.JUnitReportReporter -->
<testsuite hostname="DESKTOP-THCQJMN" failures="0" tests="1" name="Cucumber.TestNGTestRunner" time="34.515" errors="0" timestamp="2025-07-16T18:37:58 IST" skipped="0">
  <testcase classname="Cucumber.TestNGTestRunner" name="runScenario" time="34.515"/>
  <system-out/>
</testsuite> <!-- Cucumber.TestNGTestRunner -->
